Performing C SOURCE FILE Test CMAKE_HAVE_LIBC_PTHREAD failed with the following output:
Change Dir: /b1/common/51degfork/device-detection-go/dd/device-detection-cxx/build/CMakeFiles/CMakeTmp

Run Build Command(s):/usr/bin/gmake cmTC_dc48a/fast && /usr/bin/gmake  -f CMakeFiles/cmTC_dc48a.dir/build.make CMakeFiles/cmTC_dc48a.dir/build
gmake[1]: Entering directory '/b1/common/51degfork/device-detection-go/dd/device-detection-cxx/build/CMakeFiles/CMakeTmp'
Building C object CMakeFiles/cmTC_dc48a.dir/src.c.o
/usr/bin/cc   -DCMAKE_HAVE_LIBC_PTHREAD -std=gnu11 -o CMakeFiles/cmTC_dc48a.dir/src.c.o -c /b1/common/51degfork/device-detection-go/dd/device-detection-cxx/build/CMakeFiles/CMakeTmp/src.c
Linking C executable cmTC_dc48a
/usr/bin/cmake -E cmake_link_script CMakeFiles/cmTC_dc48a.dir/link.txt --verbose=1
/usr/bin/cc  -DCMAKE_HAVE_LIBC_PTHREAD CMakeFiles/cmTC_dc48a.dir/src.c.o -o cmTC_dc48a 
/usr/bin/ld: CMakeFiles/cmTC_dc48a.dir/src.c.o: in function `main':
src.c:(.text+0x2f): undefined reference to `pthread_create'
/usr/bin/ld: src.c:(.text+0x3b): undefined reference to `pthread_detach'
/usr/bin/ld: src.c:(.text+0x47): undefined reference to `pthread_cancel'
/usr/bin/ld: src.c:(.text+0x58): undefined reference to `pthread_join'
collect2: error: ld returned 1 exit status
gmake[1]: *** [CMakeFiles/cmTC_dc48a.dir/build.make:106: cmTC_dc48a] Error 1
gmake[1]: Leaving directory '/b1/common/51degfork/device-detection-go/dd/device-detection-cxx/build/CMakeFiles/CMakeTmp'
gmake: *** [Makefile:140: cmTC_dc48a/fast] Error 2


Source file was:
#include <pthread.h>

void* test_func(void* data)
{
  return data;
}

int main(void)
{
  pthread_t thread;
  pthread_create(&thread, NULL, test_func, NULL);
  pthread_detach(thread);
  pthread_cancel(thread);
  pthread_join(thread, NULL);
  pthread_atfork(NULL, NULL, NULL);
  pthread_exit(NULL);

  return 0;
}

Determining if the function pthread_create exists in the pthreads failed with the following output:
Change Dir: /b1/common/51degfork/device-detection-go/dd/device-detection-cxx/build/CMakeFiles/CMakeTmp

Run Build Command(s):/usr/bin/gmake cmTC_9f18b/fast && /usr/bin/gmake  -f CMakeFiles/cmTC_9f18b.dir/build.make CMakeFiles/cmTC_9f18b.dir/build
gmake[1]: Entering directory '/b1/common/51degfork/device-detection-go/dd/device-detection-cxx/build/CMakeFiles/CMakeTmp'
Building C object CMakeFiles/cmTC_9f18b.dir/CheckFunctionExists.c.o
/usr/bin/cc   -DCHECK_FUNCTION_EXISTS=pthread_create -std=gnu11 -o CMakeFiles/cmTC_9f18b.dir/CheckFunctionExists.c.o -c /usr/share/cmake-3.18/Modules/CheckFunctionExists.c
Linking C executable cmTC_9f18b
/usr/bin/cmake -E cmake_link_script CMakeFiles/cmTC_9f18b.dir/link.txt --verbose=1
/usr/bin/cc  -DCHECK_FUNCTION_EXISTS=pthread_create CMakeFiles/cmTC_9f18b.dir/CheckFunctionExists.c.o -o cmTC_9f18b  -lpthreads 
/usr/bin/ld: cannot find -lpthreads
collect2: error: ld returned 1 exit status
gmake[1]: *** [CMakeFiles/cmTC_9f18b.dir/build.make:106: cmTC_9f18b] Error 1
gmake[1]: Leaving directory '/b1/common/51degfork/device-detection-go/dd/device-detection-cxx/build/CMakeFiles/CMakeTmp'
gmake: *** [Makefile:140: cmTC_9f18b/fast] Error 2



